-------------------------------------------------------------------------------
Test set: org.jetbrains.jet.confluence.parsing.ParsingTest
-------------------------------------------------------------------------------
Tests run: 1, Failures: 1, Errors: 0, Skipped: 0, Time elapsed: 0.385 sec <<< FAILURE!
class.kt(org.jetbrains.jet.confluence.parsing.ParsingTest)  Time elapsed: 0.359 sec  <<< FAILURE!
junit.framework.ComparisonFailure: null expected:<...>Original text:<pre>[open&nbsp;class&nbsp;Foo()&nbsp;{
]
}</pre></div>> but was:<...>Original text:<pre>[class&nbsp;Greeter(val&nbsp;name&nbsp;:&nbsp;String)&nbsp;{
&nbsp;&nbsp;fun&nbsp;greet()&nbsp;{
&nbsp;&nbsp;&nbsp;&nbsp;println(&quot;Hello,&nbsp;${name}&quot;);
&nbsp;&nbsp;}]
}</pre></div>>
	at junit.framework.Assert.assertEquals(Assert.java:81)
	at junit.framework.Assert.assertEquals(Assert.java:87)
	at org.jetbrains.jet.confluence.parsing.ParsingTest.checkSourceFile(ParsingTest.java:61)
	at org.jetbrains.jet.confluence.parsing.ParsingTest.runTest(ParsingTest.java:43)
	at junit.framework.TestCase.runBare(TestCase.java:134)
	at junit.framework.TestResult$1.protect(TestResult.java:110)
	at junit.framework.TestResult.runProtected(TestResult.java:128)
	at junit.framework.TestResult.run(TestResult.java:113)
	at junit.framework.TestCase.run(TestCase.java:124)
	at junit.framework.TestSuite.runTest(TestSuite.java:232)
	at junit.framework.TestSuite.run(TestSuite.java:227)
	at junit.framework.TestSuite.runTest(TestSuite.java:232)
	at junit.framework.TestSuite.run(TestSuite.java:227)
	at org.junit.internal.runners.JUnit38ClassRunner.run(JUnit38ClassRunner.java:91)
	at org.apache.maven.surefire.junit4.JUnit4TestSet.execute(JUnit4TestSet.java:62)
	at org.apache.maven.surefire.suite.AbstractDirectoryTestSuite.executeTestSet(AbstractDirectoryTestSuite.java:140)
	at org.apache.maven.surefire.suite.AbstractDirectoryTestSuite.execute(AbstractDirectoryTestSuite.java:127)
	at org.apache.maven.surefire.Surefire.run(Surefire.java:177)
	at sun.reflect.NativeMethodAccessorImpl.invoke0(Native Method)
	at sun.reflect.NativeMethodAccessorImpl.invoke(NativeMethodAccessorImpl.java:39)
	at sun.reflect.DelegatingMethodAccessorImpl.invoke(DelegatingMethodAccessorImpl.java:25)
	at java.lang.reflect.Method.invoke(Method.java:597)
	at org.apache.maven.surefire.booter.SurefireBooter.runSuitesInProcess(SurefireBooter.java:345)
	at org.apache.maven.surefire.booter.SurefireBooter.main(SurefireBooter.java:1009)

