<?xml version="1.0" encoding="UTF-8" ?>
<testsuite failures="1" time="0.363" errors="0" skipped="0" tests="1" name="org.jetbrains.jet.confluence.parsing.ParsingTest">
  <properties>
[...]
</properties>
  <testcase time="0.358" classname="org.jetbrains.jet.confluence.parsing.ParsingTest" name="class.kt">
    <failure message="null expected:&lt;...&gt;Original text:&lt;pre&gt;[open&amp;nbsp;class&amp;nbsp;Foo()&amp;nbsp;{
]
}&lt;/pre&gt;&lt;/div&gt;&gt; but was:&lt;...&gt;Original text:&lt;pre&gt;[class&amp;nbsp;Greeter(val&amp;nbsp;name&amp;nbsp;:&amp;nbsp;String)&amp;nbsp;{
&amp;nbsp;&amp;nbsp;fun&amp;nbsp;greet()&amp;nbsp;{
&amp;nbsp;&amp;nbsp;&amp;nbsp;&amp;nbsp;println(&amp;quot;Hello,&amp;nbsp;${name}&amp;quot;);
&amp;nbsp;&amp;nbsp;}]
}&lt;/pre&gt;&lt;/div&gt;&gt;" type="junit.framework.ComparisonFailure">junit.framework.ComparisonFailure: null expected:&lt;...&gt;Original text:&lt;pre&gt;[open&amp;nbsp;class&amp;nbsp;Foo()&amp;nbsp;{
]
}&lt;/pre&gt;&lt;/div&gt;&gt; but was:&lt;...&gt;Original text:&lt;pre&gt;[class&amp;nbsp;Greeter(val&amp;nbsp;name&amp;nbsp;:&amp;nbsp;String)&amp;nbsp;{
&amp;nbsp;&amp;nbsp;fun&amp;nbsp;greet()&amp;nbsp;{
&amp;nbsp;&amp;nbsp;&amp;nbsp;&amp;nbsp;println(&amp;quot;Hello,&amp;nbsp;${name}&amp;quot;);
&amp;nbsp;&amp;nbsp;}]
}&lt;/pre&gt;&lt;/div&gt;&gt;
	at junit.framework.Assert.assertEquals(Assert.java:81)
	at junit.framework.Assert.assertEquals(Assert.java:87)
	at org.jetbrains.jet.confluence.parsing.ParsingTest.checkSourceFile(ParsingTest.java:61)
	at org.jetbrains.jet.confluence.parsing.ParsingTest.runTest(ParsingTest.java:43)
	at junit.framework.TestCase.runBare(TestCase.java:134)
	at junit.framework.TestResult$1.protect(TestResult.java:110)
	at junit.framework.TestResult.runProtected(TestResult.java:128)
	at junit.framework.TestResult.run(TestResult.java:113)
	at junit.framework.TestCase.run(TestCase.java:124)
	at junit.framework.TestSuite.runTest(TestSuite.java:232)
	at junit.framework.TestSuite.run(TestSuite.java:227)
	at junit.framework.TestSuite.runTest(TestSuite.java:232)
	at junit.framework.TestSuite.run(TestSuite.java:227)
	at org.junit.internal.runners.JUnit38ClassRunner.run(JUnit38ClassRunner.java:91)
	at org.apache.maven.surefire.junit4.JUnit4TestSet.execute(JUnit4TestSet.java:62)
	at org.apache.maven.surefire.suite.AbstractDirectoryTestSuite.executeTestSet(AbstractDirectoryTestSuite.java:140)
	at org.apache.maven.surefire.suite.AbstractDirectoryTestSuite.execute(AbstractDirectoryTestSuite.java:127)
	at org.apache.maven.surefire.Surefire.run(Surefire.java:177)
	at sun.reflect.NativeMethodAccessorImpl.invoke0(Native Method)
	at sun.reflect.NativeMethodAccessorImpl.invoke(NativeMethodAccessorImpl.java:39)
	at sun.reflect.DelegatingMethodAccessorImpl.invoke(DelegatingMethodAccessorImpl.java:25)
	at java.lang.reflect.Method.invoke(Method.java:597)
	at org.apache.maven.surefire.booter.SurefireBooter.runSuitesInProcess(SurefireBooter.java:345)
	at org.apache.maven.surefire.booter.SurefireBooter.main(SurefireBooter.java:1009)
</failure>
    <system-err>log4j:WARN No appenders could be found for logger (com.atlassian.config.util.BootstrapUtils).
log4j:WARN Please initialize the log4j system properly.
java.lang.ExceptionInInitializerError
	at com.atlassian.confluence.setup.webwork.ConfluenceVelocityManager.&lt;clinit&gt;(ConfluenceVelocityManager.java:42)
	at com.atlassian.confluence.renderer.radeox.macros.MacroUtils.createDefaultVelocityContext(MacroUtils.java:46)
	at com.atlassian.confluence.renderer.radeox.macros.MacroUtils.defaultVelocityContext(MacroUtils.java:41)
	at org.jetbrains.jet.lexer.JetMacro.execute(JetMacro.java:265)
	at org.jetbrains.jet.confluence.parsing.ParsingTest.checkSourceFile(ParsingTest.java:49)
	at org.jetbrains.jet.confluence.parsing.ParsingTest.runTest(ParsingTest.java:43)
	at junit.framework.TestCase.runBare(TestCase.java:134)
	at junit.framework.TestResult$1.protect(TestResult.java:110)
	at junit.framework.TestResult.runProtected(TestResult.java:128)
	at junit.framework.TestResult.run(TestResult.java:113)
	at junit.framework.TestCase.run(TestCase.java:124)
	at junit.framework.TestSuite.runTest(TestSuite.java:232)
	at junit.framework.TestSuite.run(TestSuite.java:227)
	at junit.framework.TestSuite.runTest(TestSuite.java:232)
	at junit.framework.TestSuite.run(TestSuite.java:227)
	at org.junit.internal.runners.JUnit38ClassRunner.run(JUnit38ClassRunner.java:91)
	at org.apache.maven.surefire.junit4.JUnit4TestSet.execute(JUnit4TestSet.java:62)
	at org.apache.maven.surefire.suite.AbstractDirectoryTestSuite.executeTestSet(AbstractDirectoryTestSuite.java:140)
	at org.apache.maven.surefire.suite.AbstractDirectoryTestSuite.execute(AbstractDirectoryTestSuite.java:127)
	at org.apache.maven.surefire.Surefire.run(Surefire.java:177)
	at sun.reflect.NativeMethodAccessorImpl.invoke0(Native Method)
	at sun.reflect.NativeMethodAccessorImpl.invoke(NativeMethodAccessorImpl.java:39)
	at sun.reflect.DelegatingMethodAccessorImpl.invoke(DelegatingMethodAccessorImpl.java:25)
	at java.lang.reflect.Method.invoke(Method.java:597)
	at org.apache.maven.surefire.booter.SurefireBooter.runSuitesInProcess(SurefireBooter.java:345)
	at org.apache.maven.surefire.booter.SurefireBooter.main(SurefireBooter.java:1009)
Caused by: java.lang.NullPointerException
	at com.atlassian.confluence.setup.velocity.ConfluenceStaticContextItemProvider.getStaticContextMap(ConfluenceStaticContextItemProvider.java:60)
	at com.atlassian.confluence.setup.velocity.ConfluenceStaticContextItemProvider.&lt;clinit&gt;(ConfluenceStaticContextItemProvider.java:46)
	... 26 more
</system-err>
  </testcase>
</testsuite>